[ 2024-01-02 23:15:36,411 ] 25 -INFO - Data Ingestion method starts 
[ 2024-01-02 23:15:36,648 ] 29 -INFO - Dataset read as pandas Dataframe 
[ 2024-01-02 23:15:38,007 ] 35 -INFO - Train test split 
[ 2024-01-02 23:15:39,377 ] 41 -INFO - Ingestion of data is completed 
[ 2024-01-02 23:15:39,645 ] 80 -INFO - Read train and test data completed 
[ 2024-01-02 23:15:39,660 ] 81 -INFO - Train Dataframe Head : 
       id  carat        cut color clarity  depth  table     x     y     z  price
0   11504   0.41      Ideal     E    VVS2   60.6   56.0  4.85  4.80  2.93   1181
1   95284   1.23  Very Good     H     VS1   59.9   59.0  6.91  7.01  4.19   7418
2  184777   1.70    Premium     H     VS2   62.0   58.0  7.61  7.66  4.74  12755
3    5419   0.33      Ideal     F    VVS1   61.2   56.0  4.47  4.44  2.73   1020
4   45466   0.33  Very Good     I     SI1   62.1   58.0  4.41  4.45  2.75    445 
[ 2024-01-02 23:15:39,665 ] 82 -INFO - Test Dataframe Head : 
       id  carat        cut color clarity  depth  table     x     y     z  price
0   14868   0.50      Ideal     D     SI1   62.1   57.0  5.05  5.08  3.14   1355
1  165613   2.00  Very Good     G     SI2   59.5   57.0  8.08  8.15  4.89  14691
2   96727   0.27    Premium     E    VVS1   60.5   59.0  4.19  4.16  2.52    844
3  145593   0.32    Premium     I    VVS1   61.2   59.0  4.43  4.44  2.71    707
4  118689   1.19      Ideal     H     SI1   62.5   56.0  6.77  6.81  4.23   5797 
[ 2024-01-02 23:15:39,665 ] 84 -INFO - Obtaining preprocessiong object 
[ 2024-01-02 23:15:39,665 ] 29 -INFO - Data ingestion initiated 
[ 2024-01-02 23:15:39,665 ] 39 -INFO - Pipeline Initiated 
[ 2024-01-02 23:15:39,665 ] 66 -INFO - Pipeline Completed 
[ 2024-01-02 23:15:40,145 ] 104 -INFO - Applying preprocessing object on training and testing datasets.  
[ 2024-01-02 23:15:40,161 ] 114 -INFO - Precossor pickle in created and saved 
[ 2024-01-02 23:15:40,161 ] 25 -INFO - Splitting Dependent and Independent vairable from train and test array 
[ 2024-01-02 23:15:43,670 ] 56 -INFO - Best Model Found , Model Name :DecisionTreeRegressor , Model score : 0.9545003306011818 
